<?xml version="1.0" encoding="UTF-8"?>
<!-- Generated by org.testng.reporters.JUnitReportReporter -->
<testsuite hostname="DESKTOP-O3KA93F" failures="0" tests="7" name="sp.readpdf.test_priorityexicution" time="0.031" errors="0" timestamp="2023-05-16T16:40:37 IST" skipped="2">
  <testcase classname="sp.readpdf.test_priorityexicution" name="userlogin" time="0.019"/>
  <system-out/>
  <testcase classname="sp.readpdf.test_priorityexicution" name="userregistration" time="0.003"/>
  <system-out/>
  <testcase classname="sp.readpdf.test_priorityexicution" name="usersubbmitform" time="0.003"/>
  <system-out/>
  <testcase classname="sp.readpdf.test_priorityexicution" name="usersucssesreg" time="0.002"/>
  <system-out/>
  <testcase classname="sp.readpdf.test_priorityexicution" name="userinterface" time="0.004"/>
  <system-out/>
  <testcase classname="sp.readpdf.test_priorityexicution" name="enterdetails">
    <skipped/>
  </testcase> <!-- enterdetails -->
  <system-out/>
  <testcase classname="sp.readpdf.test_priorityexicution" name="userenabled">
    <skipped/>
  </testcase> <!-- userenabled -->
  <system-out/>
</testsuite> <!-- sp.readpdf.test_priorityexicution -->
