<?xml version="1.0" encoding="UTF-8"?>
<!-- Generated by org.testng.reporters.JUnitReportReporter -->
<testsuite hostname="DESKTOP-O3KA93F" failures="0" tests="2" name="sp.readpdf.firstprogram" time="0.023" errors="0" timestamp="2023-05-16T15:43:18 IST" skipped="1">
  <testcase classname="sp.readpdf.firstprogram" name="loginByInsta" time="0.023"/>
  <system-out/>
  <testcase classname="sp.readpdf.firstprogram" name="loginByEmail">
    <skipped/>
  </testcase> <!-- loginByEmail -->
  <system-out/>
</testsuite> <!-- sp.readpdf.firstprogram -->
