<?xml version="1.0" encoding="UTF-8"?>
<!-- Generated by org.testng.reporters.JUnitReportReporter -->
<testsuite hostname="DESKTOP-O3KA93F" failures="0" tests="3" name="sp.readpdf.Test_run_before_after_method" time="0.034" errors="0" timestamp="2023-03-30T18:47:55 IST" skipped="0">
  <testcase classname="sp.readpdf.Test_run_before_after_method" name="userloging" time="0.006"/>
  <system-out/>
  <testcase classname="sp.readpdf.Test_run_before_after_method" name="transfersuccess" time="0.016"/>
  <system-out/>
  <testcase classname="sp.readpdf.Test_run_before_after_method" name="fundtransfer" time="0.012"/>
  <system-out/>
</testsuite> <!-- sp.readpdf.Test_run_before_after_method -->
