<?xml version="1.0" encoding="UTF-8"?>
<!-- Generated by org.testng.reporters.JUnitReportReporter -->
<testsuite hostname="desktop-o3ka93f" failures="0" tests="1" name="sp.readpdf.NewTest" time="0.019" errors="0" timestamp="2023-08-28T16:49:36 IST" skipped="0">
  <testcase classname="sp.readpdf.NewTest" name="test" time="0.019"/>
  <system-out/>
</testsuite> <!-- sp.readpdf.NewTest -->
